0 info it worked if it ends with ok
1 verbose cli [ '/Users/eddychang/.nvm/versions/node/v6.3.1/bin/node',
1 verbose cli   '/Users/eddychang/.nvm/versions/node/v6.3.1/bin/npm',
1 verbose cli   'install' ]
2 info using npm@4.0.0
3 info using node@v6.3.1
4 silly loadCurrentTree Starting
5 silly install loadCurrentTree
6 silly install readLocalPackageData
7 silly install normalizeTree
8 silly loadCurrentTree Finishing
9 silly loadIdealTree Starting
10 silly install loadIdealTree
11 silly cloneCurrentTree Starting
12 silly install cloneCurrentTreeToIdealTree
13 silly cloneCurrentTree Finishing
14 silly loadShrinkwrap Starting
15 silly install loadShrinkwrap
16 silly loadShrinkwrap Finishing
17 silly loadAllDepsIntoIdealTree Starting
18 silly install loadAllDepsIntoIdealTree
19 silly loadAllDepsIntoIdealTree Finishing
20 silly loadIdealTree Finishing
21 silly currentTree webpack-es6-startkit@1.0.0
21 silly currentTree ├── accepts@1.3.3
21 silly currentTree ├── acorn-jsx@3.0.1
21 silly currentTree ├── acorn@3.2.0
21 silly currentTree ├── align-text@0.1.4
21 silly currentTree ├── amdefine@1.0.0
21 silly currentTree ├── ansi-escapes@1.4.0
21 silly currentTree ├── ansi-regex@2.0.0
21 silly currentTree ├── ansi-styles@2.2.1
21 silly currentTree ├── anymatch@1.3.0
21 silly currentTree ├── argparse@1.0.7
21 silly currentTree ├── arr-diff@2.0.0
21 silly currentTree ├── arr-flatten@1.0.1
21 silly currentTree ├── array-flatten@1.1.1
21 silly currentTree ├── array-union@1.0.2
21 silly currentTree ├── array-uniq@1.0.3
21 silly currentTree ├── array-unique@0.2.1
21 silly currentTree ├── arrify@1.0.1
21 silly currentTree ├── assert@1.4.1
21 silly currentTree ├── async-each@1.0.0
21 silly currentTree ├── async@1.5.2
21 silly currentTree ├── babel-code-frame@6.8.0
21 silly currentTree ├── babel-core@6.9.1
21 silly currentTree ├── babel-eslint@6.0.4
21 silly currentTree ├── babel-generator@6.9.0
21 silly currentTree ├── babel-helper-bindify-decorators@6.8.0
21 silly currentTree ├── babel-helper-builder-binary-assignment-operator-visitor@6.8.0
21 silly currentTree ├── babel-helper-call-delegate@6.8.0
21 silly currentTree ├── babel-helper-define-map@6.9.0
21 silly currentTree ├── babel-helper-explode-assignable-expression@6.8.0
21 silly currentTree ├── babel-helper-explode-class@6.8.0
21 silly currentTree ├── babel-helper-function-name@6.8.0
21 silly currentTree ├── babel-helper-get-function-arity@6.8.0
21 silly currentTree ├── babel-helper-hoist-variables@6.8.0
21 silly currentTree ├── babel-helper-optimise-call-expression@6.8.0
21 silly currentTree ├── babel-helper-regex@6.9.0
21 silly currentTree ├── babel-helper-remap-async-to-generator@6.8.0
21 silly currentTree ├── babel-helper-replace-supers@6.8.0
21 silly currentTree ├── babel-helpers@6.8.0
21 silly currentTree ├── babel-loader@6.2.4
21 silly currentTree ├── babel-messages@6.8.0
21 silly currentTree ├── babel-plugin-check-es2015-constants@6.8.0
21 silly currentTree ├── babel-plugin-syntax-async-functions@6.8.0
21 silly currentTree ├── babel-plugin-syntax-class-constructor-call@6.8.0
21 silly currentTree ├── babel-plugin-syntax-class-properties@6.8.0
21 silly currentTree ├── babel-plugin-syntax-decorators@6.8.0
21 silly currentTree ├── babel-plugin-syntax-do-expressions@6.8.0
21 silly currentTree ├── babel-plugin-syntax-exponentiation-operator@6.8.0
21 silly currentTree ├── babel-plugin-syntax-export-extensions@6.8.0
21 silly currentTree ├── babel-plugin-syntax-function-bind@6.8.0
21 silly currentTree ├── babel-plugin-syntax-object-rest-spread@6.8.0
21 silly currentTree ├── babel-plugin-syntax-trailing-function-commas@6.8.0
21 silly currentTree ├── babel-plugin-transform-async-to-generator@6.8.0
21 silly currentTree ├── babel-plugin-transform-class-constructor-call@6.8.0
21 silly currentTree ├── babel-plugin-transform-class-properties@6.9.1
21 silly currentTree ├── babel-plugin-transform-decorators@6.8.0
21 silly currentTree ├── babel-plugin-transform-do-expressions@6.8.0
21 silly currentTree ├── babel-plugin-transform-es2015-arrow-functions@6.8.0
21 silly currentTree ├── babel-plugin-transform-es2015-block-scoped-functions@6.8.0
21 silly currentTree ├── babel-plugin-transform-es2015-block-scoping@6.9.0
21 silly currentTree ├── babel-plugin-transform-es2015-classes@6.9.0
21 silly currentTree ├── babel-plugin-transform-es2015-computed-properties@6.8.0
21 silly currentTree ├── babel-plugin-transform-es2015-destructuring@6.9.0
21 silly currentTree ├── babel-plugin-transform-es2015-duplicate-keys@6.8.0
21 silly currentTree ├── babel-plugin-transform-es2015-for-of@6.8.0
21 silly currentTree ├── babel-plugin-transform-es2015-function-name@6.9.0
21 silly currentTree ├── babel-plugin-transform-es2015-literals@6.8.0
21 silly currentTree ├── babel-plugin-transform-es2015-modules-commonjs@6.8.0
21 silly currentTree ├── babel-plugin-transform-es2015-object-super@6.8.0
21 silly currentTree ├── babel-plugin-transform-es2015-parameters@6.9.0
21 silly currentTree ├── babel-plugin-transform-es2015-shorthand-properties@6.8.0
21 silly currentTree ├── babel-plugin-transform-es2015-spread@6.8.0
21 silly currentTree ├── babel-plugin-transform-es2015-sticky-regex@6.8.0
21 silly currentTree ├── babel-plugin-transform-es2015-template-literals@6.8.0
21 silly currentTree ├── babel-plugin-transform-es2015-typeof-symbol@6.8.0
21 silly currentTree ├── babel-plugin-transform-es2015-unicode-regex@6.8.0
21 silly currentTree ├── babel-plugin-transform-exponentiation-operator@6.8.0
21 silly currentTree ├── babel-plugin-transform-export-extensions@6.8.0
21 silly currentTree ├── babel-plugin-transform-function-bind@6.8.0
21 silly currentTree ├── babel-plugin-transform-object-rest-spread@6.8.0
21 silly currentTree ├── babel-plugin-transform-regenerator@6.9.0
21 silly currentTree ├── babel-plugin-transform-strict-mode@6.8.0
21 silly currentTree ├── babel-polyfill@6.9.1
21 silly currentTree ├── babel-preset-es2015@6.9.0
21 silly currentTree ├── babel-preset-stage-0@6.5.0
21 silly currentTree ├── babel-preset-stage-1@6.5.0
21 silly currentTree ├── babel-preset-stage-2@6.5.0
21 silly currentTree ├── babel-preset-stage-3@6.5.0
21 silly currentTree ├── babel-register@6.9.0
21 silly currentTree ├── babel-runtime@6.9.2
21 silly currentTree ├── babel-template@6.9.0
21 silly currentTree ├── babel-traverse@6.9.0
21 silly currentTree ├── babel-types@6.9.1
21 silly currentTree ├── babylon@6.8.1
21 silly currentTree ├── balanced-match@0.4.1
21 silly currentTree ├── base64-js@0.0.8
21 silly currentTree ├── Base64@0.2.1
21 silly currentTree ├── batch@0.5.3
21 silly currentTree ├── big.js@3.1.3
21 silly currentTree ├── binary-extensions@1.4.1
21 silly currentTree ├── bluebird@3.4.1
21 silly currentTree ├── brace-expansion@1.1.4
21 silly currentTree ├── braces@1.8.5
21 silly currentTree ├── browserify-zlib@0.1.4
21 silly currentTree ├── buffer-shims@1.0.0
21 silly currentTree ├── buffer@3.6.0
21 silly currentTree ├── bytes@2.3.0
21 silly currentTree ├── caller-path@0.1.0
21 silly currentTree ├── callsites@0.2.0
21 silly currentTree ├── camelcase@1.2.1
21 silly currentTree ├── center-align@0.1.3
21 silly currentTree ├── chalk@1.1.3
21 silly currentTree ├── chokidar@1.5.1
21 silly currentTree ├── cli-cursor@1.0.2
21 silly currentTree ├── cli-width@2.1.0
21 silly currentTree ├─┬ cliui@2.1.0
21 silly currentTree │ └── wordwrap@0.0.2
21 silly currentTree ├── clone@1.0.2
21 silly currentTree ├── code-point-at@1.0.0
21 silly currentTree ├── compressible@2.0.8
21 silly currentTree ├── compression@1.6.2
21 silly currentTree ├── concat-map@0.0.1
21 silly currentTree ├─┬ concat-stream@1.5.1
21 silly currentTree │ └── readable-stream@2.0.6
21 silly currentTree ├── connect-history-api-fallback@1.1.0
21 silly currentTree ├── console-browserify@1.1.0
21 silly currentTree ├── constants-browserify@0.0.1
21 silly currentTree ├── content-disposition@0.5.1
21 silly currentTree ├── content-type@1.0.2
21 silly currentTree ├── convert-source-map@1.2.0
21 silly currentTree ├── cookie-signature@1.0.6
21 silly currentTree ├── cookie@0.1.5
21 silly currentTree ├── core-js@2.4.0
21 silly currentTree ├── core-util-is@1.0.2
21 silly currentTree ├── crypto-browserify@3.2.8
21 silly currentTree ├── d@0.1.1
21 silly currentTree ├── date-now@0.1.4
21 silly currentTree ├── debug@2.2.0
21 silly currentTree ├── decamelize@1.2.0
21 silly currentTree ├── deep-is@0.1.3
21 silly currentTree ├── del@2.2.1
21 silly currentTree ├── depd@1.1.0
21 silly currentTree ├── destroy@1.0.4
21 silly currentTree ├── detect-indent@3.0.1
21 silly currentTree ├─┬ doctrine@1.2.2
21 silly currentTree │ └── esutils@1.1.6
21 silly currentTree ├── domain-browser@1.1.7
21 silly currentTree ├── ee-first@1.1.1
21 silly currentTree ├── emojis-list@2.0.1
21 silly currentTree ├─┬ enhanced-resolve@0.9.1
21 silly currentTree │ └── memory-fs@0.2.0
21 silly currentTree ├── errno@0.1.4
21 silly currentTree ├── es5-ext@0.10.12
21 silly currentTree ├── es6-iterator@2.0.0
21 silly currentTree ├── es6-map@0.1.4
21 silly currentTree ├── es6-set@0.1.4
21 silly currentTree ├── es6-symbol@3.1.0
21 silly currentTree ├── es6-weak-map@2.0.1
21 silly currentTree ├── escape-html@1.0.3
21 silly currentTree ├── escape-string-regexp@1.0.5
21 silly currentTree ├── escope@3.6.0
21 silly currentTree ├─┬ eslint@3.1.1
21 silly currentTree │ ├── globals@9.9.0
21 silly currentTree │ └── user-home@2.0.0
21 silly currentTree ├── espree@3.1.6
21 silly currentTree ├── esprima@2.7.2
21 silly currentTree ├─┬ esrecurse@4.1.0
21 silly currentTree │ └── estraverse@4.1.1
21 silly currentTree ├── estraverse@4.2.0
21 silly currentTree ├── esutils@2.0.2
21 silly currentTree ├── etag@1.7.0
21 silly currentTree ├── event-emitter@0.3.4
21 silly currentTree ├── eventemitter3@1.2.0
21 silly currentTree ├── events@1.1.0
21 silly currentTree ├── eventsource@0.1.6
21 silly currentTree ├── exit-hook@1.1.1
21 silly currentTree ├── expand-brackets@0.1.5
21 silly currentTree ├── expand-range@1.8.2
21 silly currentTree ├─┬ express@4.13.4
21 silly currentTree │ ├── accepts@1.2.13
21 silly currentTree │ ├── negotiator@0.5.3
21 silly currentTree │ └── vary@1.0.1
21 silly currentTree ├── extglob@0.3.2
21 silly currentTree ├── fast-levenshtein@1.1.4
21 silly currentTree ├── faye-websocket@0.10.0
21 silly currentTree ├── figures@1.7.0
21 silly currentTree ├── file-entry-cache@1.2.4
21 silly currentTree ├── filename-regex@2.0.0
21 silly currentTree ├── fill-range@2.2.3
21 silly currentTree ├── finalhandler@0.4.1
21 silly currentTree ├── flat-cache@1.0.10
21 silly currentTree ├── for-in@0.1.5
21 silly currentTree ├── for-own@0.1.4
21 silly currentTree ├── forwarded@0.1.0
21 silly currentTree ├── fresh@0.3.0
21 silly currentTree ├── fs.realpath@1.0.0
21 silly currentTree ├─┬ fsevents@1.0.12
21 silly currentTree │ ├── ansi-regex@2.0.0
21 silly currentTree │ ├── ansi-styles@2.2.1
21 silly currentTree │ ├── ansi@0.3.1
21 silly currentTree │ ├── are-we-there-yet@1.1.2
21 silly currentTree │ ├── asn1@0.2.3
21 silly currentTree │ ├── assert-plus@0.2.0
21 silly currentTree │ ├── async@1.5.2
21 silly currentTree │ ├── aws-sign2@0.6.0
21 silly currentTree │ ├─┬ aws4@1.3.2
21 silly currentTree │ │ └─┬ lru-cache@4.0.1
21 silly currentTree │ │   ├── pseudomap@1.0.2
21 silly currentTree │ │   └── yallist@2.0.0
21 silly currentTree │ ├── bl@1.0.3
21 silly currentTree │ ├── block-stream@0.0.8
21 silly currentTree │ ├── boom@2.10.1
21 silly currentTree │ ├── caseless@0.11.0
21 silly currentTree │ ├── chalk@1.1.3
21 silly currentTree │ ├── combined-stream@1.0.5
21 silly currentTree │ ├── commander@2.9.0
21 silly currentTree │ ├── core-util-is@1.0.2
21 silly currentTree │ ├── cryptiles@2.0.5
21 silly currentTree │ ├─┬ dashdash@1.13.0
21 silly currentTree │ │ └── assert-plus@1.0.0
21 silly currentTree │ ├── debug@2.2.0
21 silly currentTree │ ├── deep-extend@0.4.1
21 silly currentTree │ ├── delayed-stream@1.0.0
21 silly currentTree │ ├── delegates@1.0.0
21 silly currentTree │ ├── ecc-jsbn@0.1.1
21 silly currentTree │ ├── escape-string-regexp@1.0.5
21 silly currentTree │ ├── extend@3.0.0
21 silly currentTree │ ├── extsprintf@1.0.2
21 silly currentTree │ ├── forever-agent@0.6.1
21 silly currentTree │ ├── form-data@1.0.0-rc4
21 silly currentTree │ ├─┬ fstream-ignore@1.0.3
21 silly currentTree │ │ └─┬ minimatch@3.0.0
21 silly currentTree │ │   └─┬ brace-expansion@1.1.3
21 silly currentTree │ │     ├── balanced-match@0.3.0
21 silly currentTree │ │     └── concat-map@0.0.1
21 silly currentTree │ ├── fstream@1.0.8
21 silly currentTree │ ├── gauge@1.2.7
21 silly currentTree │ ├── generate-function@2.0.0
21 silly currentTree │ ├── generate-object-property@1.2.0
21 silly currentTree │ ├── graceful-fs@4.1.3
21 silly currentTree │ ├── graceful-readlink@1.0.1
21 silly currentTree │ ├── har-validator@2.0.6
21 silly currentTree │ ├── has-ansi@2.0.0
21 silly currentTree │ ├── has-unicode@2.0.0
21 silly currentTree │ ├── hawk@3.1.3
21 silly currentTree │ ├── hoek@2.16.3
21 silly currentTree │ ├── http-signature@1.1.1
21 silly currentTree │ ├── inherits@2.0.1
21 silly currentTree │ ├── ini@1.3.4
21 silly currentTree │ ├── is-my-json-valid@2.13.1
21 silly currentTree │ ├── is-property@1.0.2
21 silly currentTree │ ├── is-typedarray@1.0.0
21 silly currentTree │ ├── isarray@1.0.0
21 silly currentTree │ ├── isstream@0.1.2
21 silly currentTree │ ├── jodid25519@1.0.2
21 silly currentTree │ ├── jsbn@0.1.0
21 silly currentTree │ ├── json-schema@0.2.2
21 silly currentTree │ ├── json-stringify-safe@5.0.1
21 silly currentTree │ ├── jsonpointer@2.0.0
21 silly currentTree │ ├── jsprim@1.2.2
21 silly currentTree │ ├── lodash.pad@4.1.0
21 silly currentTree │ ├── lodash.padend@4.2.0
21 silly currentTree │ ├── lodash.padstart@4.2.0
21 silly currentTree │ ├── lodash.repeat@4.0.0
21 silly currentTree │ ├── lodash.tostring@4.1.2
21 silly currentTree │ ├── mime-db@1.22.0
21 silly currentTree │ ├── mime-types@2.1.10
21 silly currentTree │ ├── minimist@0.0.8
21 silly currentTree │ ├── mkdirp@0.5.1
21 silly currentTree │ ├── ms@0.7.1
21 silly currentTree │ ├─┬ node-pre-gyp@0.6.25
21 silly currentTree │ │ └─┬ nopt@3.0.6
21 silly currentTree │ │   └── abbrev@1.0.7
21 silly currentTree │ ├── node-uuid@1.4.7
21 silly currentTree │ ├── npmlog@2.0.3
21 silly currentTree │ ├── oauth-sign@0.8.1
21 silly currentTree │ ├── once@1.3.3
21 silly currentTree │ ├── pinkie-promise@2.0.0
21 silly currentTree │ ├── pinkie@2.0.4
21 silly currentTree │ ├── process-nextick-args@1.0.6
21 silly currentTree │ ├── qs@6.0.2
21 silly currentTree │ ├─┬ rc@1.1.6
21 silly currentTree │ │ └── minimist@1.2.0
21 silly currentTree │ ├── readable-stream@2.0.6
21 silly currentTree │ ├── request@2.69.0
21 silly currentTree │ ├─┬ rimraf@2.5.2
21 silly currentTree │ │ └─┬ glob@7.0.3
21 silly currentTree │ │   ├─┬ inflight@1.0.4
21 silly currentTree │ │   │ └── wrappy@1.0.1
21 silly currentTree │ │   ├── inherits@2.0.1
21 silly currentTree │ │   ├─┬ minimatch@3.0.0
21 silly currentTree │ │   │ └─┬ brace-expansion@1.1.3
21 silly currentTree │ │   │   ├── balanced-match@0.3.0
21 silly currentTree │ │   │   └── concat-map@0.0.1
21 silly currentTree │ │   ├─┬ once@1.3.3
21 silly currentTree │ │   │ └── wrappy@1.0.1
21 silly currentTree │ │   └── path-is-absolute@1.0.0
21 silly currentTree │ ├── semver@5.1.0
21 silly currentTree │ ├── sntp@1.0.9
21 silly currentTree │ ├── sshpk@1.7.4
21 silly currentTree │ ├── string_decoder@0.10.31
21 silly currentTree │ ├── stringstream@0.0.5
21 silly currentTree │ ├── strip-ansi@3.0.1
21 silly currentTree │ ├── strip-json-comments@1.0.4
21 silly currentTree │ ├── supports-color@2.0.0
21 silly currentTree │ ├── tar-pack@3.1.3
21 silly currentTree │ ├── tar@2.2.1
21 silly currentTree │ ├── tough-cookie@2.2.2
21 silly currentTree │ ├── tunnel-agent@0.4.2
21 silly currentTree │ ├── tweetnacl@0.14.3
21 silly currentTree │ ├── uid-number@0.0.6
21 silly currentTree │ ├── util-deprecate@1.0.2
21 silly currentTree │ ├── verror@1.3.6
21 silly currentTree │ ├── wrappy@1.0.1
21 silly currentTree │ └── xtend@4.0.1
21 silly currentTree ├── generate-function@2.0.0
21 silly currentTree ├── generate-object-property@1.2.0
21 silly currentTree ├── get-stdin@4.0.1
21 silly currentTree ├── glob-base@0.3.0
21 silly currentTree ├── glob-parent@2.0.0
21 silly currentTree ├─┬ glob@7.0.5
21 silly currentTree │ └── minimatch@3.0.2
21 silly currentTree ├── globals@8.18.0
21 silly currentTree ├── globby@5.0.0
21 silly currentTree ├── graceful-fs@4.1.4
21 silly currentTree ├── has-ansi@2.0.0
21 silly currentTree ├── has-flag@1.0.0
21 silly currentTree ├── home-or-tmp@1.0.0
21 silly currentTree ├── http-browserify@1.7.0
21 silly currentTree ├── http-errors@1.3.1
21 silly currentTree ├── http-proxy@1.13.3
21 silly currentTree ├── https-browserify@0.0.0
21 silly currentTree ├── ieee754@1.1.6
21 silly currentTree ├── ignore@3.1.3
21 silly currentTree ├── imurmurhash@0.1.4
21 silly currentTree ├── indexof@0.0.1
21 silly currentTree ├── inflight@1.0.5
21 silly currentTree ├── inherits@2.0.1
21 silly currentTree ├── inquirer@0.12.0
21 silly currentTree ├── interpret@0.6.6
21 silly currentTree ├── invariant@2.2.1
21 silly currentTree ├── ipaddr.js@1.0.5
21 silly currentTree ├── is-binary-path@1.0.1
21 silly currentTree ├── is-buffer@1.1.3
21 silly currentTree ├── is-dotfile@1.0.2
21 silly currentTree ├── is-equal-shallow@0.1.3
21 silly currentTree ├── is-extendable@0.1.1
21 silly currentTree ├── is-extglob@1.0.0
21 silly currentTree ├── is-finite@1.0.1
21 silly currentTree ├── is-fullwidth-code-point@1.0.0
21 silly currentTree ├── is-glob@2.0.1
21 silly currentTree ├── is-my-json-valid@2.13.1
21 silly currentTree ├── is-number@2.1.0
21 silly currentTree ├── is-path-cwd@1.0.0
21 silly currentTree ├── is-path-in-cwd@1.0.0
21 silly currentTree ├── is-path-inside@1.0.0
21 silly currentTree ├── is-posix-bracket@0.1.1
21 silly currentTree ├── is-primitive@2.0.0
21 silly currentTree ├── is-property@1.0.2
21 silly currentTree ├── is-resolvable@1.0.0
21 silly currentTree ├── isarray@1.0.0
21 silly currentTree ├── isobject@2.1.0
21 silly currentTree ├── jquery@3.1.0
21 silly currentTree ├── js-tokens@1.0.3
21 silly currentTree ├── js-yaml@3.6.1
21 silly currentTree ├── jsesc@0.5.0
21 silly currentTree ├── json-stable-stringify@1.0.1
21 silly currentTree ├── json3@3.3.2
21 silly currentTree ├── json5@0.4.0
21 silly currentTree ├── jsonify@0.0.0
21 silly currentTree ├── jsonpointer@2.0.0
21 silly currentTree ├── kind-of@3.0.3
21 silly currentTree ├── lazy-cache@1.0.4
21 silly currentTree ├── levn@0.3.0
21 silly currentTree ├─┬ loader-utils@0.2.15
21 silly currentTree │ └── json5@0.5.0
21 silly currentTree ├── lodash._baseiteratee@4.7.0
21 silly currentTree ├── lodash._basetostring@4.12.0
21 silly currentTree ├── lodash._stringtopath@4.8.0
21 silly currentTree ├── lodash.assign@4.0.9
21 silly currentTree ├── lodash.keys@4.0.7
21 silly currentTree ├── lodash.keysin@4.1.4
21 silly currentTree ├── lodash.pickby@4.4.0
21 silly currentTree ├── lodash.rest@4.0.3
21 silly currentTree ├── lodash@4.13.1
21 silly currentTree ├── longest@1.0.1
21 silly currentTree ├── loose-envify@1.2.0
21 silly currentTree ├── media-typer@0.3.0
21 silly currentTree ├── memory-fs@0.3.0
21 silly currentTree ├── merge-descriptors@1.0.1
21 silly currentTree ├── methods@1.1.2
21 silly currentTree ├── micromatch@2.3.8
21 silly currentTree ├── mime-db@1.23.0
21 silly currentTree ├── mime-types@2.1.11
21 silly currentTree ├── mime@1.3.4
21 silly currentTree ├── minimatch@2.0.10
21 silly currentTree ├── minimist@1.2.0
21 silly currentTree ├─┬ mkdirp@0.5.1
21 silly currentTree │ └── minimist@0.0.8
21 silly currentTree ├── ms@0.7.1
21 silly currentTree ├── mute-stream@0.0.5
21 silly currentTree ├── nan@2.3.5
21 silly currentTree ├── negotiator@0.6.1
21 silly currentTree ├─┬ node-libs-browser@0.5.3
21 silly currentTree │ ├── isarray@0.0.1
21 silly currentTree │ └── readable-stream@1.1.14
21 silly currentTree ├── normalize-path@2.0.1
21 silly currentTree ├── number-is-nan@1.0.0
21 silly currentTree ├── object-assign@4.1.0
21 silly currentTree ├── object.omit@2.0.0
21 silly currentTree ├── on-finished@2.3.0
21 silly currentTree ├── on-headers@1.0.1
21 silly currentTree ├── once@1.3.3
21 silly currentTree ├── onetime@1.1.0
21 silly currentTree ├─┬ optimist@0.6.1
21 silly currentTree │ └── minimist@0.0.10
21 silly currentTree ├─┬ optionator@0.8.1
21 silly currentTree │ └── wordwrap@1.0.0
21 silly currentTree ├─┬ original@1.0.0
21 silly currentTree │ └── url-parse@1.0.5
21 silly currentTree ├── os-browserify@0.1.2
21 silly currentTree ├── os-homedir@1.0.1
21 silly currentTree ├── os-tmpdir@1.0.1
21 silly currentTree ├── pako@0.2.8
21 silly currentTree ├── parse-glob@3.0.4
21 silly currentTree ├── parseurl@1.3.1
21 silly currentTree ├── path-browserify@0.0.0
21 silly currentTree ├── path-exists@1.0.0
21 silly currentTree ├── path-is-absolute@1.0.0
21 silly currentTree ├── path-is-inside@1.0.1
21 silly currentTree ├── path-to-regexp@0.1.7
21 silly currentTree ├── pbkdf2-compat@2.0.1
21 silly currentTree ├── pify@2.3.0
21 silly currentTree ├── pinkie-promise@2.0.1
21 silly currentTree ├── pinkie@2.0.4
21 silly currentTree ├── pluralize@1.2.1
21 silly currentTree ├── prelude-ls@1.1.2
21 silly currentTree ├── preserve@0.2.0
21 silly currentTree ├── private@0.1.6
21 silly currentTree ├── process-nextick-args@1.0.7
21 silly currentTree ├── process@0.11.3
21 silly currentTree ├── progress@1.1.8
21 silly currentTree ├── proxy-addr@1.0.10
21 silly currentTree ├── prr@0.0.0
21 silly currentTree ├── punycode@1.4.1
21 silly currentTree ├── qs@4.0.0
21 silly currentTree ├── querystring-es3@0.2.1
21 silly currentTree ├── querystring@0.2.0
21 silly currentTree ├── querystringify@0.0.3
21 silly currentTree ├── randomatic@1.1.5
21 silly currentTree ├── range-parser@1.0.3
21 silly currentTree ├── read-json-sync@1.1.1
21 silly currentTree ├── readable-stream@2.1.4
21 silly currentTree ├── readdirp@2.0.0
21 silly currentTree ├── readline2@1.0.1
21 silly currentTree ├── regenerate@1.3.1
21 silly currentTree ├── regenerator-runtime@0.9.5
21 silly currentTree ├── regex-cache@0.4.3
21 silly currentTree ├── regexpu-core@1.0.0
21 silly currentTree ├── regjsgen@0.2.0
21 silly currentTree ├── regjsparser@0.1.5
21 silly currentTree ├── repeat-element@1.1.2
21 silly currentTree ├── repeat-string@1.5.4
21 silly currentTree ├── repeating@1.1.3
21 silly currentTree ├── require-uncached@1.0.2
21 silly currentTree ├── requires-port@1.0.0
21 silly currentTree ├── resolve-from@1.0.1
21 silly currentTree ├── restore-cursor@1.0.1
21 silly currentTree ├── right-align@0.1.3
21 silly currentTree ├── rimraf@2.5.4
21 silly currentTree ├── ripemd160@0.2.0
21 silly currentTree ├── run-async@0.1.0
21 silly currentTree ├── rx-lite@3.1.2
21 silly currentTree ├── send@0.13.1
21 silly currentTree ├─┬ serve-index@1.7.3
21 silly currentTree │ ├── accepts@1.2.13
21 silly currentTree │ └── negotiator@0.5.3
21 silly currentTree ├─┬ serve-static@1.10.3
21 silly currentTree │ └── send@0.13.2
21 silly currentTree ├── sha.js@2.2.6
21 silly currentTree ├── shebang-regex@1.0.0
21 silly currentTree ├── shelljs@0.6.0
21 silly currentTree ├── slash@1.0.0
21 silly currentTree ├── slice-ansi@0.0.4
21 silly currentTree ├─┬ sockjs-client@1.1.1
21 silly currentTree │ └── faye-websocket@0.11.0
21 silly currentTree ├── sockjs@0.3.17
21 silly currentTree ├── source-list-map@0.1.6
21 silly currentTree ├─┬ source-map-support@0.2.10
21 silly currentTree │ └── source-map@0.1.32
21 silly currentTree ├── source-map@0.5.6
21 silly currentTree ├── sprintf-js@1.0.3
21 silly currentTree ├── statuses@1.2.1
21 silly currentTree ├─┬ stream-browserify@1.0.0
21 silly currentTree │ ├── isarray@0.0.1
21 silly currentTree │ └── readable-stream@1.1.14
21 silly currentTree ├── stream-cache@0.0.2
21 silly currentTree ├── string_decoder@0.10.31
21 silly currentTree ├── string-width@1.0.1
21 silly currentTree ├── strip-ansi@3.0.1
21 silly currentTree ├── strip-bom@3.0.0
21 silly currentTree ├── strip-json-comments@1.0.4
21 silly currentTree ├── supports-color@2.0.0
21 silly currentTree ├── table@3.7.8
21 silly currentTree ├── tapable@0.1.10
21 silly currentTree ├── text-table@0.2.0
21 silly currentTree ├── through@2.3.8
21 silly currentTree ├── timers-browserify@1.4.2
21 silly currentTree ├── to-fast-properties@1.0.2
21 silly currentTree ├── tryit@1.0.2
21 silly currentTree ├── tty-browserify@0.0.0
21 silly currentTree ├── tv4@1.2.7
21 silly currentTree ├── type-check@0.3.2
21 silly currentTree ├── type-is@1.6.13
21 silly currentTree ├── typedarray@0.0.6
21 silly currentTree ├─┬ uglify-js@2.6.2
21 silly currentTree │ └── async@0.2.10
21 silly currentTree ├── uglify-to-browserify@1.0.2
21 silly currentTree ├── unpipe@1.0.0
21 silly currentTree ├── url-parse@1.1.1
21 silly currentTree ├─┬ url@0.10.3
21 silly currentTree │ └── punycode@1.3.2
21 silly currentTree ├── user-home@1.1.1
21 silly currentTree ├── util-deprecate@1.0.2
21 silly currentTree ├── util@0.10.3
21 silly currentTree ├── utils-merge@1.0.0
21 silly currentTree ├── uuid@2.0.2
21 silly currentTree ├── vary@1.1.0
21 silly currentTree ├── vm-browserify@0.0.4
21 silly currentTree ├─┬ watchpack@0.2.9
21 silly currentTree │ └── async@0.9.2
21 silly currentTree ├─┬ webpack-core@0.6.8
21 silly currentTree │ └── source-map@0.4.4
21 silly currentTree ├── webpack-dev-middleware@1.6.1
21 silly currentTree ├─┬ webpack-dev-server@1.14.1
21 silly currentTree │ └── supports-color@3.1.2
21 silly currentTree ├─┬ webpack@1.13.1
21 silly currentTree │ └── supports-color@3.1.2
21 silly currentTree ├── websocket-driver@0.6.5
21 silly currentTree ├── websocket-extensions@0.1.1
21 silly currentTree ├── window-size@0.1.0
21 silly currentTree ├── wordwrap@0.0.3
21 silly currentTree ├── wrappy@1.0.2
21 silly currentTree ├── write@0.2.1
21 silly currentTree ├── xregexp@3.1.1
21 silly currentTree ├── xtend@4.0.1
21 silly currentTree └── yargs@3.10.0
22 silly idealTree webpack-es6-startkit@1.0.0
22 silly idealTree ├── accepts@1.3.3
22 silly idealTree ├── acorn-jsx@3.0.1
22 silly idealTree ├── acorn@3.2.0
22 silly idealTree ├── align-text@0.1.4
22 silly idealTree ├── amdefine@1.0.0
22 silly idealTree ├── ansi-escapes@1.4.0
22 silly idealTree ├── ansi-regex@2.0.0
22 silly idealTree ├── ansi-styles@2.2.1
22 silly idealTree ├── anymatch@1.3.0
22 silly idealTree ├── argparse@1.0.7
22 silly idealTree ├── arr-diff@2.0.0
22 silly idealTree ├── arr-flatten@1.0.1
22 silly idealTree ├── array-flatten@1.1.1
22 silly idealTree ├── array-union@1.0.2
22 silly idealTree ├── array-uniq@1.0.3
22 silly idealTree ├── array-unique@0.2.1
22 silly idealTree ├── arrify@1.0.1
22 silly idealTree ├── assert@1.4.1
22 silly idealTree ├── async-each@1.0.0
22 silly idealTree ├── async@1.5.2
22 silly idealTree ├── babel-code-frame@6.8.0
22 silly idealTree ├── babel-core@6.9.1
22 silly idealTree ├── babel-eslint@6.0.4
22 silly idealTree ├── babel-generator@6.9.0
22 silly idealTree ├── babel-helper-bindify-decorators@6.8.0
22 silly idealTree ├── babel-helper-builder-binary-assignment-operator-visitor@6.8.0
22 silly idealTree ├── babel-helper-call-delegate@6.8.0
22 silly idealTree ├── babel-helper-define-map@6.9.0
22 silly idealTree ├── babel-helper-explode-assignable-expression@6.8.0
22 silly idealTree ├── babel-helper-explode-class@6.8.0
22 silly idealTree ├── babel-helper-function-name@6.8.0
22 silly idealTree ├── babel-helper-get-function-arity@6.8.0
22 silly idealTree ├── babel-helper-hoist-variables@6.8.0
22 silly idealTree ├── babel-helper-optimise-call-expression@6.8.0
22 silly idealTree ├── babel-helper-regex@6.9.0
22 silly idealTree ├── babel-helper-remap-async-to-generator@6.8.0
22 silly idealTree ├── babel-helper-replace-supers@6.8.0
22 silly idealTree ├── babel-helpers@6.8.0
22 silly idealTree ├── babel-loader@6.2.4
22 silly idealTree ├── babel-messages@6.8.0
22 silly idealTree ├── babel-plugin-check-es2015-constants@6.8.0
22 silly idealTree ├── babel-plugin-syntax-async-functions@6.8.0
22 silly idealTree ├── babel-plugin-syntax-class-constructor-call@6.8.0
22 silly idealTree ├── babel-plugin-syntax-class-properties@6.8.0
22 silly idealTree ├── babel-plugin-syntax-decorators@6.8.0
22 silly idealTree ├── babel-plugin-syntax-do-expressions@6.8.0
22 silly idealTree ├── babel-plugin-syntax-exponentiation-operator@6.8.0
22 silly idealTree ├── babel-plugin-syntax-export-extensions@6.8.0
22 silly idealTree ├── babel-plugin-syntax-function-bind@6.8.0
22 silly idealTree ├── babel-plugin-syntax-object-rest-spread@6.8.0
22 silly idealTree ├── babel-plugin-syntax-trailing-function-commas@6.8.0
22 silly idealTree ├── babel-plugin-transform-async-to-generator@6.8.0
22 silly idealTree ├── babel-plugin-transform-class-constructor-call@6.8.0
22 silly idealTree ├── babel-plugin-transform-class-properties@6.9.1
22 silly idealTree ├── babel-plugin-transform-decorators@6.8.0
22 silly idealTree ├── babel-plugin-transform-do-expressions@6.8.0
22 silly idealTree ├── babel-plugin-transform-es2015-arrow-functions@6.8.0
22 silly idealTree ├── babel-plugin-transform-es2015-block-scoped-functions@6.8.0
22 silly idealTree ├── babel-plugin-transform-es2015-block-scoping@6.9.0
22 silly idealTree ├── babel-plugin-transform-es2015-classes@6.9.0
22 silly idealTree ├── babel-plugin-transform-es2015-computed-properties@6.8.0
22 silly idealTree ├── babel-plugin-transform-es2015-destructuring@6.9.0
22 silly idealTree ├── babel-plugin-transform-es2015-duplicate-keys@6.8.0
22 silly idealTree ├── babel-plugin-transform-es2015-for-of@6.8.0
22 silly idealTree ├── babel-plugin-transform-es2015-function-name@6.9.0
22 silly idealTree ├── babel-plugin-transform-es2015-literals@6.8.0
22 silly idealTree ├── babel-plugin-transform-es2015-modules-commonjs@6.8.0
22 silly idealTree ├── babel-plugin-transform-es2015-object-super@6.8.0
22 silly idealTree ├── babel-plugin-transform-es2015-parameters@6.9.0
22 silly idealTree ├── babel-plugin-transform-es2015-shorthand-properties@6.8.0
22 silly idealTree ├── babel-plugin-transform-es2015-spread@6.8.0
22 silly idealTree ├── babel-plugin-transform-es2015-sticky-regex@6.8.0
22 silly idealTree ├── babel-plugin-transform-es2015-template-literals@6.8.0
22 silly idealTree ├── babel-plugin-transform-es2015-typeof-symbol@6.8.0
22 silly idealTree ├── babel-plugin-transform-es2015-unicode-regex@6.8.0
22 silly idealTree ├── babel-plugin-transform-exponentiation-operator@6.8.0
22 silly idealTree ├── babel-plugin-transform-export-extensions@6.8.0
22 silly idealTree ├── babel-plugin-transform-function-bind@6.8.0
22 silly idealTree ├── babel-plugin-transform-object-rest-spread@6.8.0
22 silly idealTree ├── babel-plugin-transform-regenerator@6.9.0
22 silly idealTree ├── babel-plugin-transform-strict-mode@6.8.0
22 silly idealTree ├── babel-polyfill@6.9.1
22 silly idealTree ├── babel-preset-es2015@6.9.0
22 silly idealTree ├── babel-preset-stage-0@6.5.0
22 silly idealTree ├── babel-preset-stage-1@6.5.0
22 silly idealTree ├── babel-preset-stage-2@6.5.0
22 silly idealTree ├── babel-preset-stage-3@6.5.0
22 silly idealTree ├── babel-register@6.9.0
22 silly idealTree ├── babel-runtime@6.9.2
22 silly idealTree ├── babel-template@6.9.0
22 silly idealTree ├── babel-traverse@6.9.0
22 silly idealTree ├── babel-types@6.9.1
22 silly idealTree ├── babylon@6.8.1
22 silly idealTree ├── balanced-match@0.4.1
22 silly idealTree ├── base64-js@0.0.8
22 silly idealTree ├── Base64@0.2.1
22 silly idealTree ├── batch@0.5.3
22 silly idealTree ├── big.js@3.1.3
22 silly idealTree ├── binary-extensions@1.4.1
22 silly idealTree ├── bluebird@3.4.1
22 silly idealTree ├── brace-expansion@1.1.4
22 silly idealTree ├── braces@1.8.5
22 silly idealTree ├── browserify-zlib@0.1.4
22 silly idealTree ├── buffer-shims@1.0.0
22 silly idealTree ├── buffer@3.6.0
22 silly idealTree ├── bytes@2.3.0
22 silly idealTree ├── caller-path@0.1.0
22 silly idealTree ├── callsites@0.2.0
22 silly idealTree ├── camelcase@1.2.1
22 silly idealTree ├── center-align@0.1.3
22 silly idealTree ├── chalk@1.1.3
22 silly idealTree ├── chokidar@1.5.1
22 silly idealTree ├── cli-cursor@1.0.2
22 silly idealTree ├── cli-width@2.1.0
22 silly idealTree ├─┬ cliui@2.1.0
22 silly idealTree │ └── wordwrap@0.0.2
22 silly idealTree ├── clone@1.0.2
22 silly idealTree ├── code-point-at@1.0.0
22 silly idealTree ├── compressible@2.0.8
22 silly idealTree ├── compression@1.6.2
22 silly idealTree ├── concat-map@0.0.1
22 silly idealTree ├─┬ concat-stream@1.5.1
22 silly idealTree │ └── readable-stream@2.0.6
22 silly idealTree ├── connect-history-api-fallback@1.1.0
22 silly idealTree ├── console-browserify@1.1.0
22 silly idealTree ├── constants-browserify@0.0.1
22 silly idealTree ├── content-disposition@0.5.1
22 silly idealTree ├── content-type@1.0.2
22 silly idealTree ├── convert-source-map@1.2.0
22 silly idealTree ├── cookie-signature@1.0.6
22 silly idealTree ├── cookie@0.1.5
22 silly idealTree ├── core-js@2.4.0
22 silly idealTree ├── core-util-is@1.0.2
22 silly idealTree ├── crypto-browserify@3.2.8
22 silly idealTree ├── d@0.1.1
22 silly idealTree ├── date-now@0.1.4
22 silly idealTree ├── debug@2.2.0
22 silly idealTree ├── decamelize@1.2.0
22 silly idealTree ├── deep-is@0.1.3
22 silly idealTree ├── del@2.2.1
22 silly idealTree ├── depd@1.1.0
22 silly idealTree ├── destroy@1.0.4
22 silly idealTree ├── detect-indent@3.0.1
22 silly idealTree ├─┬ doctrine@1.2.2
22 silly idealTree │ └── esutils@1.1.6
22 silly idealTree ├── domain-browser@1.1.7
22 silly idealTree ├── ee-first@1.1.1
22 silly idealTree ├── emojis-list@2.0.1
22 silly idealTree ├─┬ enhanced-resolve@0.9.1
22 silly idealTree │ └── memory-fs@0.2.0
22 silly idealTree ├── errno@0.1.4
22 silly idealTree ├── es5-ext@0.10.12
22 silly idealTree ├── es6-iterator@2.0.0
22 silly idealTree ├── es6-map@0.1.4
22 silly idealTree ├── es6-set@0.1.4
22 silly idealTree ├── es6-symbol@3.1.0
22 silly idealTree ├── es6-weak-map@2.0.1
22 silly idealTree ├── escape-html@1.0.3
22 silly idealTree ├── escape-string-regexp@1.0.5
22 silly idealTree ├── escope@3.6.0
22 silly idealTree ├─┬ eslint@3.1.1
22 silly idealTree │ ├── globals@9.9.0
22 silly idealTree │ └── user-home@2.0.0
22 silly idealTree ├── espree@3.1.6
22 silly idealTree ├── esprima@2.7.2
22 silly idealTree ├─┬ esrecurse@4.1.0
22 silly idealTree │ └── estraverse@4.1.1
22 silly idealTree ├── estraverse@4.2.0
22 silly idealTree ├── esutils@2.0.2
22 silly idealTree ├── etag@1.7.0
22 silly idealTree ├── event-emitter@0.3.4
22 silly idealTree ├── eventemitter3@1.2.0
22 silly idealTree ├── events@1.1.0
22 silly idealTree ├── eventsource@0.1.6
22 silly idealTree ├── exit-hook@1.1.1
22 silly idealTree ├── expand-brackets@0.1.5
22 silly idealTree ├── expand-range@1.8.2
22 silly idealTree ├─┬ express@4.13.4
22 silly idealTree │ ├── accepts@1.2.13
22 silly idealTree │ ├── negotiator@0.5.3
22 silly idealTree │ └── vary@1.0.1
22 silly idealTree ├── extglob@0.3.2
22 silly idealTree ├── fast-levenshtein@1.1.4
22 silly idealTree ├── faye-websocket@0.10.0
22 silly idealTree ├── figures@1.7.0
22 silly idealTree ├── file-entry-cache@1.2.4
22 silly idealTree ├── filename-regex@2.0.0
22 silly idealTree ├── fill-range@2.2.3
22 silly idealTree ├── finalhandler@0.4.1
22 silly idealTree ├── flat-cache@1.0.10
22 silly idealTree ├── for-in@0.1.5
22 silly idealTree ├── for-own@0.1.4
22 silly idealTree ├── forwarded@0.1.0
22 silly idealTree ├── fresh@0.3.0
22 silly idealTree ├── fs.realpath@1.0.0
22 silly idealTree ├─┬ fsevents@1.0.12
22 silly idealTree │ ├── ansi-regex@2.0.0
22 silly idealTree │ ├── ansi-styles@2.2.1
22 silly idealTree │ ├── ansi@0.3.1
22 silly idealTree │ ├── are-we-there-yet@1.1.2
22 silly idealTree │ ├── asn1@0.2.3
22 silly idealTree │ ├── assert-plus@0.2.0
22 silly idealTree │ ├── async@1.5.2
22 silly idealTree │ ├── aws-sign2@0.6.0
22 silly idealTree │ ├─┬ aws4@1.3.2
22 silly idealTree │ │ └─┬ lru-cache@4.0.1
22 silly idealTree │ │   ├── pseudomap@1.0.2
22 silly idealTree │ │   └── yallist@2.0.0
22 silly idealTree │ ├── bl@1.0.3
22 silly idealTree │ ├── block-stream@0.0.8
22 silly idealTree │ ├── boom@2.10.1
22 silly idealTree │ ├── caseless@0.11.0
22 silly idealTree │ ├── chalk@1.1.3
22 silly idealTree │ ├── combined-stream@1.0.5
22 silly idealTree │ ├── commander@2.9.0
22 silly idealTree │ ├── core-util-is@1.0.2
22 silly idealTree │ ├── cryptiles@2.0.5
22 silly idealTree │ ├─┬ dashdash@1.13.0
22 silly idealTree │ │ └── assert-plus@1.0.0
22 silly idealTree │ ├── debug@2.2.0
22 silly idealTree │ ├── deep-extend@0.4.1
22 silly idealTree │ ├── delayed-stream@1.0.0
22 silly idealTree │ ├── delegates@1.0.0
22 silly idealTree │ ├── ecc-jsbn@0.1.1
22 silly idealTree │ ├── escape-string-regexp@1.0.5
22 silly idealTree │ ├── extend@3.0.0
22 silly idealTree │ ├── extsprintf@1.0.2
22 silly idealTree │ ├── forever-agent@0.6.1
22 silly idealTree │ ├── form-data@1.0.0-rc4
22 silly idealTree │ ├─┬ fstream-ignore@1.0.3
22 silly idealTree │ │ └─┬ minimatch@3.0.0
22 silly idealTree │ │   └─┬ brace-expansion@1.1.3
22 silly idealTree │ │     ├── balanced-match@0.3.0
22 silly idealTree │ │     └── concat-map@0.0.1
22 silly idealTree │ ├── fstream@1.0.8
22 silly idealTree │ ├── gauge@1.2.7
22 silly idealTree │ ├── generate-function@2.0.0
22 silly idealTree │ ├── generate-object-property@1.2.0
22 silly idealTree │ ├── graceful-fs@4.1.3
22 silly idealTree │ ├── graceful-readlink@1.0.1
22 silly idealTree │ ├── har-validator@2.0.6
22 silly idealTree │ ├── has-ansi@2.0.0
22 silly idealTree │ ├── has-unicode@2.0.0
22 silly idealTree │ ├── hawk@3.1.3
22 silly idealTree │ ├── hoek@2.16.3
22 silly idealTree │ ├── http-signature@1.1.1
22 silly idealTree │ ├── inherits@2.0.1
22 silly idealTree │ ├── ini@1.3.4
22 silly idealTree │ ├── is-my-json-valid@2.13.1
22 silly idealTree │ ├── is-property@1.0.2
22 silly idealTree │ ├── is-typedarray@1.0.0
22 silly idealTree │ ├── isarray@1.0.0
22 silly idealTree │ ├── isstream@0.1.2
22 silly idealTree │ ├── jodid25519@1.0.2
22 silly idealTree │ ├── jsbn@0.1.0
22 silly idealTree │ ├── json-schema@0.2.2
22 silly idealTree │ ├── json-stringify-safe@5.0.1
22 silly idealTree │ ├── jsonpointer@2.0.0
22 silly idealTree │ ├── jsprim@1.2.2
22 silly idealTree │ ├── lodash.pad@4.1.0
22 silly idealTree │ ├── lodash.padend@4.2.0
22 silly idealTree │ ├── lodash.padstart@4.2.0
22 silly idealTree │ ├── lodash.repeat@4.0.0
22 silly idealTree │ ├── lodash.tostring@4.1.2
22 silly idealTree │ ├── mime-db@1.22.0
22 silly idealTree │ ├── mime-types@2.1.10
22 silly idealTree │ ├── minimist@0.0.8
22 silly idealTree │ ├── mkdirp@0.5.1
22 silly idealTree │ ├── ms@0.7.1
22 silly idealTree │ ├─┬ node-pre-gyp@0.6.25
22 silly idealTree │ │ └─┬ nopt@3.0.6
22 silly idealTree │ │   └── abbrev@1.0.7
22 silly idealTree │ ├── node-uuid@1.4.7
22 silly idealTree │ ├── npmlog@2.0.3
22 silly idealTree │ ├── oauth-sign@0.8.1
22 silly idealTree │ ├── once@1.3.3
22 silly idealTree │ ├── pinkie-promise@2.0.0
22 silly idealTree │ ├── pinkie@2.0.4
22 silly idealTree │ ├── process-nextick-args@1.0.6
22 silly idealTree │ ├── qs@6.0.2
22 silly idealTree │ ├─┬ rc@1.1.6
22 silly idealTree │ │ └── minimist@1.2.0
22 silly idealTree │ ├── readable-stream@2.0.6
22 silly idealTree │ ├── request@2.69.0
22 silly idealTree │ ├─┬ rimraf@2.5.2
22 silly idealTree │ │ └─┬ glob@7.0.3
22 silly idealTree │ │   ├─┬ inflight@1.0.4
22 silly idealTree │ │   │ └── wrappy@1.0.1
22 silly idealTree │ │   ├── inherits@2.0.1
22 silly idealTree │ │   ├─┬ minimatch@3.0.0
22 silly idealTree │ │   │ └─┬ brace-expansion@1.1.3
22 silly idealTree │ │   │   ├── balanced-match@0.3.0
22 silly idealTree │ │   │   └── concat-map@0.0.1
22 silly idealTree │ │   ├─┬ once@1.3.3
22 silly idealTree │ │   │ └── wrappy@1.0.1
22 silly idealTree │ │   └── path-is-absolute@1.0.0
22 silly idealTree │ ├── semver@5.1.0
22 silly idealTree │ ├── sntp@1.0.9
22 silly idealTree │ ├── sshpk@1.7.4
22 silly idealTree │ ├── string_decoder@0.10.31
22 silly idealTree │ ├── stringstream@0.0.5
22 silly idealTree │ ├── strip-ansi@3.0.1
22 silly idealTree │ ├── strip-json-comments@1.0.4
22 silly idealTree │ ├── supports-color@2.0.0
22 silly idealTree │ ├── tar-pack@3.1.3
22 silly idealTree │ ├── tar@2.2.1
22 silly idealTree │ ├── tough-cookie@2.2.2
22 silly idealTree │ ├── tunnel-agent@0.4.2
22 silly idealTree │ ├── tweetnacl@0.14.3
22 silly idealTree │ ├── uid-number@0.0.6
22 silly idealTree │ ├── util-deprecate@1.0.2
22 silly idealTree │ ├── verror@1.3.6
22 silly idealTree │ ├── wrappy@1.0.1
22 silly idealTree │ └── xtend@4.0.1
22 silly idealTree ├── generate-function@2.0.0
22 silly idealTree ├── generate-object-property@1.2.0
22 silly idealTree ├── get-stdin@4.0.1
22 silly idealTree ├── glob-base@0.3.0
22 silly idealTree ├── glob-parent@2.0.0
22 silly idealTree ├─┬ glob@7.0.5
22 silly idealTree │ └── minimatch@3.0.2
22 silly idealTree ├── globals@8.18.0
22 silly idealTree ├── globby@5.0.0
22 silly idealTree ├── graceful-fs@4.1.4
22 silly idealTree ├── has-ansi@2.0.0
22 silly idealTree ├── has-flag@1.0.0
22 silly idealTree ├── home-or-tmp@1.0.0
22 silly idealTree ├── http-browserify@1.7.0
22 silly idealTree ├── http-errors@1.3.1
22 silly idealTree ├── http-proxy@1.13.3
22 silly idealTree ├── https-browserify@0.0.0
22 silly idealTree ├── ieee754@1.1.6
22 silly idealTree ├── ignore@3.1.3
22 silly idealTree ├── imurmurhash@0.1.4
22 silly idealTree ├── indexof@0.0.1
22 silly idealTree ├── inflight@1.0.5
22 silly idealTree ├── inherits@2.0.1
22 silly idealTree ├── inquirer@0.12.0
22 silly idealTree ├── interpret@0.6.6
22 silly idealTree ├── invariant@2.2.1
22 silly idealTree ├── ipaddr.js@1.0.5
22 silly idealTree ├── is-binary-path@1.0.1
22 silly idealTree ├── is-buffer@1.1.3
22 silly idealTree ├── is-dotfile@1.0.2
22 silly idealTree ├── is-equal-shallow@0.1.3
22 silly idealTree ├── is-extendable@0.1.1
22 silly idealTree ├── is-extglob@1.0.0
22 silly idealTree ├── is-finite@1.0.1
22 silly idealTree ├── is-fullwidth-code-point@1.0.0
22 silly idealTree ├── is-glob@2.0.1
22 silly idealTree ├── is-my-json-valid@2.13.1
22 silly idealTree ├── is-number@2.1.0
22 silly idealTree ├── is-path-cwd@1.0.0
22 silly idealTree ├── is-path-in-cwd@1.0.0
22 silly idealTree ├── is-path-inside@1.0.0
22 silly idealTree ├── is-posix-bracket@0.1.1
22 silly idealTree ├── is-primitive@2.0.0
22 silly idealTree ├── is-property@1.0.2
22 silly idealTree ├── is-resolvable@1.0.0
22 silly idealTree ├── isarray@1.0.0
22 silly idealTree ├── isobject@2.1.0
22 silly idealTree ├── jquery@3.1.0
22 silly idealTree ├── js-tokens@1.0.3
22 silly idealTree ├── js-yaml@3.6.1
22 silly idealTree ├── jsesc@0.5.0
22 silly idealTree ├── json-stable-stringify@1.0.1
22 silly idealTree ├── json3@3.3.2
22 silly idealTree ├── json5@0.4.0
22 silly idealTree ├── jsonify@0.0.0
22 silly idealTree ├── jsonpointer@2.0.0
22 silly idealTree ├── kind-of@3.0.3
22 silly idealTree ├── lazy-cache@1.0.4
22 silly idealTree ├── levn@0.3.0
22 silly idealTree ├─┬ loader-utils@0.2.15
22 silly idealTree │ └── json5@0.5.0
22 silly idealTree ├── lodash._baseiteratee@4.7.0
22 silly idealTree ├── lodash._basetostring@4.12.0
22 silly idealTree ├── lodash._stringtopath@4.8.0
22 silly idealTree ├── lodash.assign@4.0.9
22 silly idealTree ├── lodash.keys@4.0.7
22 silly idealTree ├── lodash.keysin@4.1.4
22 silly idealTree ├── lodash.pickby@4.4.0
22 silly idealTree ├── lodash.rest@4.0.3
22 silly idealTree ├── lodash@4.13.1
22 silly idealTree ├── longest@1.0.1
22 silly idealTree ├── loose-envify@1.2.0
22 silly idealTree ├── media-typer@0.3.0
22 silly idealTree ├── memory-fs@0.3.0
22 silly idealTree ├── merge-descriptors@1.0.1
22 silly idealTree ├── methods@1.1.2
22 silly idealTree ├── micromatch@2.3.8
22 silly idealTree ├── mime-db@1.23.0
22 silly idealTree ├── mime-types@2.1.11
22 silly idealTree ├── mime@1.3.4
22 silly idealTree ├── minimatch@2.0.10
22 silly idealTree ├── minimist@1.2.0
22 silly idealTree ├─┬ mkdirp@0.5.1
22 silly idealTree │ └── minimist@0.0.8
22 silly idealTree ├── ms@0.7.1
22 silly idealTree ├── mute-stream@0.0.5
22 silly idealTree ├── nan@2.3.5
22 silly idealTree ├── negotiator@0.6.1
22 silly idealTree ├─┬ node-libs-browser@0.5.3
22 silly idealTree │ ├── isarray@0.0.1
22 silly idealTree │ └── readable-stream@1.1.14
22 silly idealTree ├── normalize-path@2.0.1
22 silly idealTree ├── number-is-nan@1.0.0
22 silly idealTree ├── object-assign@4.1.0
22 silly idealTree ├── object.omit@2.0.0
22 silly idealTree ├── on-finished@2.3.0
22 silly idealTree ├── on-headers@1.0.1
22 silly idealTree ├── once@1.3.3
22 silly idealTree ├── onetime@1.1.0
22 silly idealTree ├─┬ optimist@0.6.1
22 silly idealTree │ └── minimist@0.0.10
22 silly idealTree ├─┬ optionator@0.8.1
22 silly idealTree │ └── wordwrap@1.0.0
22 silly idealTree ├─┬ original@1.0.0
22 silly idealTree │ └── url-parse@1.0.5
22 silly idealTree ├── os-browserify@0.1.2
22 silly idealTree ├── os-homedir@1.0.1
22 silly idealTree ├── os-tmpdir@1.0.1
22 silly idealTree ├── pako@0.2.8
22 silly idealTree ├── parse-glob@3.0.4
22 silly idealTree ├── parseurl@1.3.1
22 silly idealTree ├── path-browserify@0.0.0
22 silly idealTree ├── path-exists@1.0.0
22 silly idealTree ├── path-is-absolute@1.0.0
22 silly idealTree ├── path-is-inside@1.0.1
22 silly idealTree ├── path-to-regexp@0.1.7
22 silly idealTree ├── pbkdf2-compat@2.0.1
22 silly idealTree ├── pify@2.3.0
22 silly idealTree ├── pinkie-promise@2.0.1
22 silly idealTree ├── pinkie@2.0.4
22 silly idealTree ├── pluralize@1.2.1
22 silly idealTree ├── prelude-ls@1.1.2
22 silly idealTree ├── preserve@0.2.0
22 silly idealTree ├── private@0.1.6
22 silly idealTree ├── process-nextick-args@1.0.7
22 silly idealTree ├── process@0.11.3
22 silly idealTree ├── progress@1.1.8
22 silly idealTree ├── proxy-addr@1.0.10
22 silly idealTree ├── prr@0.0.0
22 silly idealTree ├── punycode@1.4.1
22 silly idealTree ├── qs@4.0.0
22 silly idealTree ├── querystring-es3@0.2.1
22 silly idealTree ├── querystring@0.2.0
22 silly idealTree ├── querystringify@0.0.3
22 silly idealTree ├── randomatic@1.1.5
22 silly idealTree ├── range-parser@1.0.3
22 silly idealTree ├── read-json-sync@1.1.1
22 silly idealTree ├── readable-stream@2.1.4
22 silly idealTree ├── readdirp@2.0.0
22 silly idealTree ├── readline2@1.0.1
22 silly idealTree ├── regenerate@1.3.1
22 silly idealTree ├── regenerator-runtime@0.9.5
22 silly idealTree ├── regex-cache@0.4.3
22 silly idealTree ├── regexpu-core@1.0.0
22 silly idealTree ├── regjsgen@0.2.0
22 silly idealTree ├── regjsparser@0.1.5
22 silly idealTree ├── repeat-element@1.1.2
22 silly idealTree ├── repeat-string@1.5.4
22 silly idealTree ├── repeating@1.1.3
22 silly idealTree ├── require-uncached@1.0.2
22 silly idealTree ├── requires-port@1.0.0
22 silly idealTree ├── resolve-from@1.0.1
22 silly idealTree ├── restore-cursor@1.0.1
22 silly idealTree ├── right-align@0.1.3
22 silly idealTree ├── rimraf@2.5.4
22 silly idealTree ├── ripemd160@0.2.0
22 silly idealTree ├── run-async@0.1.0
22 silly idealTree ├── rx-lite@3.1.2
22 silly idealTree ├── send@0.13.1
22 silly idealTree ├─┬ serve-index@1.7.3
22 silly idealTree │ ├── accepts@1.2.13
22 silly idealTree │ └── negotiator@0.5.3
22 silly idealTree ├─┬ serve-static@1.10.3
22 silly idealTree │ └── send@0.13.2
22 silly idealTree ├── sha.js@2.2.6
22 silly idealTree ├── shebang-regex@1.0.0
22 silly idealTree ├── shelljs@0.6.0
22 silly idealTree ├── slash@1.0.0
22 silly idealTree ├── slice-ansi@0.0.4
22 silly idealTree ├─┬ sockjs-client@1.1.1
22 silly idealTree │ └── faye-websocket@0.11.0
22 silly idealTree ├── sockjs@0.3.17
22 silly idealTree ├── source-list-map@0.1.6
22 silly idealTree ├─┬ source-map-support@0.2.10
22 silly idealTree │ └── source-map@0.1.32
22 silly idealTree ├── source-map@0.5.6
22 silly idealTree ├── sprintf-js@1.0.3
22 silly idealTree ├── statuses@1.2.1
22 silly idealTree ├─┬ stream-browserify@1.0.0
22 silly idealTree │ ├── isarray@0.0.1
22 silly idealTree │ └── readable-stream@1.1.14
22 silly idealTree ├── stream-cache@0.0.2
22 silly idealTree ├── string_decoder@0.10.31
22 silly idealTree ├── string-width@1.0.1
22 silly idealTree ├── strip-ansi@3.0.1
22 silly idealTree ├── strip-bom@3.0.0
22 silly idealTree ├── strip-json-comments@1.0.4
22 silly idealTree ├── supports-color@2.0.0
22 silly idealTree ├── table@3.7.8
22 silly idealTree ├── tapable@0.1.10
22 silly idealTree ├── text-table@0.2.0
22 silly idealTree ├── through@2.3.8
22 silly idealTree ├── timers-browserify@1.4.2
22 silly idealTree ├── to-fast-properties@1.0.2
22 silly idealTree ├── tryit@1.0.2
22 silly idealTree ├── tty-browserify@0.0.0
22 silly idealTree ├── tv4@1.2.7
22 silly idealTree ├── type-check@0.3.2
22 silly idealTree ├── type-is@1.6.13
22 silly idealTree ├── typedarray@0.0.6
22 silly idealTree ├─┬ uglify-js@2.6.2
22 silly idealTree │ └── async@0.2.10
22 silly idealTree ├── uglify-to-browserify@1.0.2
22 silly idealTree ├── unpipe@1.0.0
22 silly idealTree ├── url-parse@1.1.1
22 silly idealTree ├─┬ url@0.10.3
22 silly idealTree │ └── punycode@1.3.2
22 silly idealTree ├── user-home@1.1.1
22 silly idealTree ├── util-deprecate@1.0.2
22 silly idealTree ├── util@0.10.3
22 silly idealTree ├── utils-merge@1.0.0
22 silly idealTree ├── uuid@2.0.2
22 silly idealTree ├── vary@1.1.0
22 silly idealTree ├── vm-browserify@0.0.4
22 silly idealTree ├─┬ watchpack@0.2.9
22 silly idealTree │ └── async@0.9.2
22 silly idealTree ├─┬ webpack-core@0.6.8
22 silly idealTree │ └── source-map@0.4.4
22 silly idealTree ├── webpack-dev-middleware@1.6.1
22 silly idealTree ├─┬ webpack-dev-server@1.14.1
22 silly idealTree │ └── supports-color@3.1.2
22 silly idealTree ├─┬ webpack@1.13.1
22 silly idealTree │ └── supports-color@3.1.2
22 silly idealTree ├── websocket-driver@0.6.5
22 silly idealTree ├── websocket-extensions@0.1.1
22 silly idealTree ├── window-size@0.1.0
22 silly idealTree ├── wordwrap@0.0.3
22 silly idealTree ├── wrappy@1.0.2
22 silly idealTree ├── write@0.2.1
22 silly idealTree ├── xregexp@3.1.1
22 silly idealTree ├── xtend@4.0.1
22 silly idealTree └── yargs@3.10.0
23 silly generateActionsToTake Starting
24 silly install generateActionsToTake
25 silly generateActionsToTake Finishing
26 silly diffTrees action count 0
27 silly decomposeActions action count 0
28 silly runTopLevelLifecycles Starting
29 silly install runPreinstallTopLevelLifecycles
30 silly preinstall webpack-es6-startkit@1.0.0 /Users/eddychang/node/webpack-es6-startkit/webpack-es6-startkit-c7f5281c
31 info lifecycle webpack-es6-startkit@1.0.0~preinstall: webpack-es6-startkit@1.0.0
32 silly lifecycle webpack-es6-startkit@1.0.0~preinstall: no script for preinstall, continuing
33 silly executeActions Starting
34 silly install executeActions
35 silly doSerial global-install 0
36 silly doParallel fetch 0
37 verbose correctMkdir /Users/eddychang/.npm/_locks correctMkdir not in flight; initializing
38 verbose lock using /Users/eddychang/.npm/_locks/staging-0a588e190c5949d2.lock for /Users/eddychang/node/webpack-es6-startkit/node_modules/.staging
39 verbose unlock done using /Users/eddychang/.npm/_locks/staging-0a588e190c5949d2.lock for /Users/eddychang/node/webpack-es6-startkit/node_modules/.staging
40 silly rollbackFailedOptional Starting
41 silly rollbackFailedOptional Finishing
42 silly runTopLevelLifecycles Finishing
43 silly install printInstalled
44 warn webpack-es6-startkit@1.0.0 No repository field.
45 verbose If you need help, you may report this error at:
45 verbose     <https://github.com/npm/npm/issues>
46 warn webpack-es6-startkit@1.0.0 No license field.
47 verbose If you need help, you may report this error at:
47 verbose     <https://github.com/npm/npm/issues>
48 verbose stack Error: EACCES: permission denied, mkdir '/Users/eddychang/node/webpack-es6-startkit/node_modules/.staging'
48 verbose stack     at Error (native)
49 verbose cwd /Users/eddychang/node/webpack-es6-startkit
50 error Darwin 16.1.0
51 error argv "/Users/eddychang/.nvm/versions/node/v6.3.1/bin/node" "/Users/eddychang/.nvm/versions/node/v6.3.1/bin/npm" "install"
52 error node v6.3.1
53 error npm  v4.0.0
54 error path /Users/eddychang/node/webpack-es6-startkit/node_modules/.staging
55 error code EACCES
56 error errno -13
57 error syscall mkdir
58 error Error: EACCES: permission denied, mkdir '/Users/eddychang/node/webpack-es6-startkit/node_modules/.staging'
58 error     at Error (native)
58 error  { Error: EACCES: permission denied, mkdir '/Users/eddychang/node/webpack-es6-startkit/node_modules/.staging'
58 error     at Error (native)
58 error   errno: -13,
58 error   code: 'EACCES',
58 error   syscall: 'mkdir',
58 error   path: '/Users/eddychang/node/webpack-es6-startkit/node_modules/.staging' }
59 error Please try running this command again as root/Administrator.
60 verbose exit [ -13, true ]
